<?xml version="1.0" encoding="UTF-8"?>
<testsuite name="edu.coursera.distributed.FileServerTest" time="20.124" tests="9" errors="0" skipped="0" failures="1">
  <properties>
[...]
</properties>
  <testcase name="testFileGet" classname="edu.coursera.distributed.FileServerTest" time="0.069"/>
  <testcase name="testFileGets" classname="edu.coursera.distributed.FileServerTest" time="0.005"/>
  <testcase name="testNestedFileGet" classname="edu.coursera.distributed.FileServerTest" time="0.012"/>
  <testcase name="testDoublyNestedFileGet" classname="edu.coursera.distributed.FileServerTest" time="0.004"/>
  <testcase name="testLargeFileGet" classname="edu.coursera.distributed.FileServerTest" time="0.011"/>
  <testcase name="testMissingFileGet" classname="edu.coursera.distributed.FileServerTest" time="0.003"/>
  <testcase name="testMissingNestedFileGet" classname="edu.coursera.distributed.FileServerTest" time="0.003"/>
  <testcase name="testPerformance" classname="edu.coursera.distributed.FileServerTest" time="20.017">
    <failure message="Expected parallel threads to produce at least a 2.0x improvement, but only saw 1.4740466101694916x" type="junit.framework.AssertionFailedError">junit.framework.AssertionFailedError: Expected parallel threads to produce at least a 2.0x improvement, but only saw 1.4740466101694916x
	at junit.framework.Assert.fail(Assert.java:47)
	at junit.framework.Assert.assertTrue(Assert.java:20)
	at edu.coursera.distributed.FileServerTest.testPerformance(FileServerTest.java:327)
</failure>
    <system-err><![CDATA[Testing performance of multi-threaded web server using 4 request threads

Launching server for runPerformanceTest

Launching server for runPerformanceTest
Single-core execution completed 1888
Parallel execution completed 2783, yielding an improvement of 1.4740466101694916x

]]></system-err>
  </testcase>
  <testcase name="testTermination" classname="edu.coursera.distributed.FileServerTest" time="0"/>
</testsuite>