-------------------------------------------------------------------------------
Test set: edu.coursera.distributed.MpiJavaTest
-------------------------------------------------------------------------------
Tests run: 5, Failures: 5, Errors: 0, Skipped: 0, Time elapsed: 36.073 sec <<< FAILURE! - in edu.coursera.distributed.MpiJavaTest
testMatrixMultiplyRectangular1Small(edu.coursera.distributed.MpiJavaTest)  Time elapsed: 3.76 sec  <<< FAILURE!
junit.framework.AssertionFailedError: Expected a speedup of at least 3.0, but saw 0.9403489026449071
	at junit.framework.Assert.fail(Assert.java:57)
	at junit.framework.Assert.assertTrue(Assert.java:22)
	at junit.framework.TestCase.assertTrue(TestCase.java:192)
	at edu.coursera.distributed.MpiJavaTest.testDriver(MpiJavaTest.java:135)
	at edu.coursera.distributed.MpiJavaTest.testMatrixMultiplyRectangular1Small(MpiJavaTest.java:148)

testMatrixMultiplyRectangular2Small(edu.coursera.distributed.MpiJavaTest)  Time elapsed: 3.171 sec  <<< FAILURE!
junit.framework.AssertionFailedError: Expected a speedup of at least 3.0, but saw 0.9649749821300929
	at junit.framework.Assert.fail(Assert.java:57)
	at junit.framework.Assert.assertTrue(Assert.java:22)
	at junit.framework.TestCase.assertTrue(TestCase.java:192)
	at edu.coursera.distributed.MpiJavaTest.testDriver(MpiJavaTest.java:135)
	at edu.coursera.distributed.MpiJavaTest.testMatrixMultiplyRectangular2Small(MpiJavaTest.java:152)

testMatrixMultiplyRectangularLarge(edu.coursera.distributed.MpiJavaTest)  Time elapsed: 14.462 sec  <<< FAILURE!
junit.framework.AssertionFailedError: Expected a speedup of at least 3.0, but saw 1.0005813953488372
	at junit.framework.Assert.fail(Assert.java:57)
	at junit.framework.Assert.assertTrue(Assert.java:22)
	at junit.framework.TestCase.assertTrue(TestCase.java:192)
	at edu.coursera.distributed.MpiJavaTest.testDriver(MpiJavaTest.java:135)
	at edu.coursera.distributed.MpiJavaTest.testMatrixMultiplyRectangularLarge(MpiJavaTest.java:156)

testMatrixMultiplySquareLarge(edu.coursera.distributed.MpiJavaTest)  Time elapsed: 10.719 sec  <<< FAILURE!
junit.framework.AssertionFailedError: Expected a speedup of at least 3.0, but saw 0.9414218009478673
	at junit.framework.Assert.fail(Assert.java:57)
	at junit.framework.Assert.assertTrue(Assert.java:22)
	at junit.framework.TestCase.assertTrue(TestCase.java:192)
	at edu.coursera.distributed.MpiJavaTest.testDriver(MpiJavaTest.java:135)
	at edu.coursera.distributed.MpiJavaTest.testMatrixMultiplySquareLarge(MpiJavaTest.java:144)

testMatrixMultiplySquareSmall(edu.coursera.distributed.MpiJavaTest)  Time elapsed: 3.212 sec  <<< FAILURE!
junit.framework.AssertionFailedError: Expected a speedup of at least 3.0, but saw 0.9704336399474376
	at junit.framework.Assert.fail(Assert.java:57)
	at junit.framework.Assert.assertTrue(Assert.java:22)
	at junit.framework.TestCase.assertTrue(TestCase.java:192)
	at edu.coursera.distributed.MpiJavaTest.testDriver(MpiJavaTest.java:135)
	at edu.coursera.distributed.MpiJavaTest.testMatrixMultiplySquareSmall(MpiJavaTest.java:140)

