<?xml version="1.0" encoding="UTF-8"?>
<testsuite name="edu.coursera.distributed.MpiJavaTest" time="35.324" tests="5" errors="0" skipped="0" failures="5">
  <properties>
[...]
</properties>
  <testcase name="testMatrixMultiplyRectangular1Small" classname="edu.coursera.distributed.MpiJavaTest" time="3.76">
    <failure message="Expected a speedup of at least 3.0, but saw 0.9403489026449071" type="junit.framework.AssertionFailedError">junit.framework.AssertionFailedError: Expected a speedup of at least 3.0, but saw 0.9403489026449071
	at junit.framework.Assert.fail(Assert.java:57)
	at junit.framework.Assert.assertTrue(Assert.java:22)
	at junit.framework.TestCase.assertTrue(TestCase.java:192)
	at edu.coursera.distributed.MpiJavaTest.testDriver(MpiJavaTest.java:135)
	at edu.coursera.distributed.MpiJavaTest.testMatrixMultiplyRectangular1Small(MpiJavaTest.java:148)
</failure>
    <system-err><![CDATA[Testing matrix multiply: [800 x 1600] * [1600 x 500] = [800 x 500]
Sequential implementation ran in 1671 ms
MPI implementation ran in 1777 ms, yielding a speedup of 0.9403489026449071x

]]></system-err>
  </testcase>
  <testcase name="testMatrixMultiplyRectangular2Small" classname="edu.coursera.distributed.MpiJavaTest" time="3.171">
    <failure message="Expected a speedup of at least 3.0, but saw 0.9649749821300929" type="junit.framework.AssertionFailedError">junit.framework.AssertionFailedError: Expected a speedup of at least 3.0, but saw 0.9649749821300929
	at junit.framework.Assert.fail(Assert.java:57)
	at junit.framework.Assert.assertTrue(Assert.java:22)
	at junit.framework.TestCase.assertTrue(TestCase.java:192)
	at edu.coursera.distributed.MpiJavaTest.testDriver(MpiJavaTest.java:135)
	at edu.coursera.distributed.MpiJavaTest.testMatrixMultiplyRectangular2Small(MpiJavaTest.java:152)
</failure>
    <system-err><![CDATA[Testing matrix multiply: [1600 x 800] * [800 x 500] = [1600 x 500]
Sequential implementation ran in 1350 ms
MPI implementation ran in 1399 ms, yielding a speedup of 0.9649749821300929x

]]></system-err>
  </testcase>
  <testcase name="testMatrixMultiplyRectangularLarge" classname="edu.coursera.distributed.MpiJavaTest" time="14.462">
    <failure message="Expected a speedup of at least 3.0, but saw 1.0005813953488372" type="junit.framework.AssertionFailedError">junit.framework.AssertionFailedError: Expected a speedup of at least 3.0, but saw 1.0005813953488372
	at junit.framework.Assert.fail(Assert.java:57)
	at junit.framework.Assert.assertTrue(Assert.java:22)
	at junit.framework.TestCase.assertTrue(TestCase.java:192)
	at edu.coursera.distributed.MpiJavaTest.testDriver(MpiJavaTest.java:135)
	at edu.coursera.distributed.MpiJavaTest.testMatrixMultiplyRectangularLarge(MpiJavaTest.java:156)
</failure>
    <system-err><![CDATA[Testing matrix multiply: [1800 x 1400] * [1400 x 1000] = [1800 x 1000]
Sequential implementation ran in 6884 ms
MPI implementation ran in 6880 ms, yielding a speedup of 1.0005813953488372x

]]></system-err>
  </testcase>
  <testcase name="testMatrixMultiplySquareLarge" classname="edu.coursera.distributed.MpiJavaTest" time="10.719">
    <failure message="Expected a speedup of at least 3.0, but saw 0.9414218009478673" type="junit.framework.AssertionFailedError">junit.framework.AssertionFailedError: Expected a speedup of at least 3.0, but saw 0.9414218009478673
	at junit.framework.Assert.fail(Assert.java:57)
	at junit.framework.Assert.assertTrue(Assert.java:22)
	at junit.framework.TestCase.assertTrue(TestCase.java:192)
	at edu.coursera.distributed.MpiJavaTest.testDriver(MpiJavaTest.java:135)
	at edu.coursera.distributed.MpiJavaTest.testMatrixMultiplySquareLarge(MpiJavaTest.java:144)
</failure>
    <system-err><![CDATA[Testing matrix multiply: [1200 x 1200] * [1200 x 1200] = [1200 x 1200]
Sequential implementation ran in 4966 ms
MPI implementation ran in 5275 ms, yielding a speedup of 0.9414218009478673x

]]></system-err>
  </testcase>
  <testcase name="testMatrixMultiplySquareSmall" classname="edu.coursera.distributed.MpiJavaTest" time="3.212">
    <failure message="Expected a speedup of at least 3.0, but saw 0.9704336399474376" type="junit.framework.AssertionFailedError">junit.framework.AssertionFailedError: Expected a speedup of at least 3.0, but saw 0.9704336399474376
	at junit.framework.Assert.fail(Assert.java:57)
	at junit.framework.Assert.assertTrue(Assert.java:22)
	at junit.framework.TestCase.assertTrue(TestCase.java:192)
	at edu.coursera.distributed.MpiJavaTest.testDriver(MpiJavaTest.java:135)
	at edu.coursera.distributed.MpiJavaTest.testMatrixMultiplySquareSmall(MpiJavaTest.java:140)
</failure>
    <system-err><![CDATA[Testing matrix multiply: [800 x 800] * [800 x 800] = [800 x 800]
Sequential implementation ran in 1477 ms
MPI implementation ran in 1522 ms, yielding a speedup of 0.9704336399474376x

]]></system-err>
  </testcase>
</testsuite>