<?xml version="1.0" encoding="UTF-8"?>
<testsuite name="edu.coursera.distributed.SparkTest" time="300.759" tests="6" errors="0" skipped="0" failures="4">
  <properties>
[...]
</properties>
  <testcase name="testUniformTwentyThousand" classname="edu.coursera.distributed.SparkTest" time="39.078"/>
  <testcase name="testUniformFiftyThousand" classname="edu.coursera.distributed.SparkTest" time="78.05"/>
  <testcase name="testIncreasingTwentyThousand" classname="edu.coursera.distributed.SparkTest" time="24.857">
    <failure message="Expected at least 1.35x speedup, but only saw 1.332504066596498x. Sequential time = 13926 ms, parallel time = 10451 ms" type="junit.framework.AssertionFailedError">junit.framework.AssertionFailedError: Expected at least 1.35x speedup, but only saw 1.332504066596498x. Sequential time = 13926 ms, parallel time = 10451 ms
	at junit.framework.Assert.fail(Assert.java:47)
	at junit.framework.Assert.assertTrue(Assert.java:20)
	at edu.coursera.distributed.SparkTest.testDriver(SparkTest.java:229)
	at edu.coursera.distributed.SparkTest.testIncreasingTwentyThousand(SparkTest.java:261)
</failure>
    <system-err><![CDATA[Running the PageRank algorithm for 5 iterations on a website graph of 20000 websites


Single-core execution ran in 13926 ms
4-core execution ran in 10451 ms, yielding a speedup of 1.332504066596498x

]]></system-err>
  </testcase>
  <testcase name="testIncreasingFiftyThousand" classname="edu.coursera.distributed.SparkTest" time="62.785">
    <failure message="Expected at least 1.35x speedup, but only saw 1.3235953377166767x. Sequential time = 35430 ms, parallel time = 26768 ms" type="junit.framework.AssertionFailedError">junit.framework.AssertionFailedError: Expected at least 1.35x speedup, but only saw 1.3235953377166767x. Sequential time = 35430 ms, parallel time = 26768 ms
	at junit.framework.Assert.fail(Assert.java:47)
	at junit.framework.Assert.assertTrue(Assert.java:20)
	at edu.coursera.distributed.SparkTest.testDriver(SparkTest.java:229)
	at edu.coursera.distributed.SparkTest.testIncreasingFiftyThousand(SparkTest.java:272)
</failure>
    <system-err><![CDATA[Running the PageRank algorithm for 5 iterations on a website graph of 50000 websites


Single-core execution ran in 35430 ms
4-core execution ran in 26768 ms, yielding a speedup of 1.3235953377166767x

]]></system-err>
  </testcase>
  <testcase name="testRandomTwentyThousand" classname="edu.coursera.distributed.SparkTest" time="28.203">
    <failure message="Expected at least 1.35x speedup, but only saw 1.2849272263794096x. Sequential time = 15626 ms, parallel time = 12161 ms" type="junit.framework.AssertionFailedError">junit.framework.AssertionFailedError: Expected at least 1.35x speedup, but only saw 1.2849272263794096x. Sequential time = 15626 ms, parallel time = 12161 ms
	at junit.framework.Assert.fail(Assert.java:47)
	at junit.framework.Assert.assertTrue(Assert.java:20)
	at edu.coursera.distributed.SparkTest.testDriver(SparkTest.java:229)
	at edu.coursera.distributed.SparkTest.testRandomTwentyThousand(SparkTest.java:283)
</failure>
    <system-err><![CDATA[Running the PageRank algorithm for 5 iterations on a website graph of 20000 websites


Single-core execution ran in 15626 ms
4-core execution ran in 12161 ms, yielding a speedup of 1.2849272263794096x

]]></system-err>
  </testcase>
  <testcase name="testRandomFiftyThousand" classname="edu.coursera.distributed.SparkTest" time="67.786">
    <failure message="Expected at least 1.35x speedup, but only saw 1.2602578343262985x. Sequential time = 37441 ms, parallel time = 29709 ms" type="junit.framework.AssertionFailedError">junit.framework.AssertionFailedError: Expected at least 1.35x speedup, but only saw 1.2602578343262985x. Sequential time = 37441 ms, parallel time = 29709 ms
	at junit.framework.Assert.fail(Assert.java:47)
	at junit.framework.Assert.assertTrue(Assert.java:20)
	at edu.coursera.distributed.SparkTest.testDriver(SparkTest.java:229)
	at edu.coursera.distributed.SparkTest.testRandomFiftyThousand(SparkTest.java:294)
</failure>
    <system-err><![CDATA[Running the PageRank algorithm for 5 iterations on a website graph of 50000 websites


Single-core execution ran in 37441 ms
4-core execution ran in 29709 ms, yielding a speedup of 1.2602578343262985x

]]></system-err>
  </testcase>
</testsuite>